2026-03-22 18:26:11,800 - INFO - ==================================================
2026-03-22 18:26:11,800 - INFO - 啟動自動登入檢查...
2026-03-22 18:26:11,802 - INFO - 添加隨機延遲 2 秒
2026-03-22 18:26:13,812 - INFO - 獲取需要登入的帳號，當前時間: 2026-03-22 18:26:13.812654
2026-03-22 18:26:13,815 - INFO - 帳號 py134679 (PTT) 沒有登入記錄，需要登入
2026-03-22 18:26:13,815 - INFO - 找到 1 個需要登入的帳號
2026-03-22 18:26:13,908 - INFO - 開始處理 PTT 帳號: py134679
2026-03-22 18:26:13,928 - INFO - PyPtt v 1.3.3 由 CodingMan 開發
2026-03-22 18:26:13,928 - INFO - PyPtt 初始化
2026-03-22 18:26:13,929 - INFO - 設定連線模式 ... WebSocket
2026-03-22 18:26:13,929 - INFO - 設定語言模組 ... 繁體中文
2026-03-22 18:26:13,929 - INFO - 設定連線主機 ... 批踢踢
2026-03-22 18:26:13,929 - INFO - PyPtt 初始化 ... 完成
2026-03-22 18:26:13,929 - INFO - 目前版本 1.3.3
2026-03-22 18:26:14,082 - INFO - 登入帳號 py134679
2026-03-22 18:26:14,452 - INFO - 登入 ... 成功
2026-03-22 18:26:18,246 - INFO - 取得看板資訊 Test
2026-03-22 18:26:18,306 - INFO - 取得看板資訊 Test ... 成功
2026-03-22 18:26:18,330 - INFO - 發佈文章
2026-03-22 18:26:19,403 - INFO - 發佈文章 ... 成功
2026-03-22 18:26:27,591 - INFO - 登出
2026-03-22 18:26:27,688 - INFO - 登出 ... 成功
2026-03-22 18:26:27,692 - INFO - 本次登入檢查完成，程式結束
2026-03-22 18:28:06,922 - INFO - ==================================================
2026-03-22 18:28:06,922 - INFO - 啟動自動登入檢查...
2026-03-22 18:28:06,923 - INFO - 添加隨機延遲 5 秒
2026-03-22 18:28:11,948 - INFO - 獲取需要登入的帳號，當前時間: 2026-03-22 18:28:11.948800
2026-03-22 18:28:11,951 - INFO - 帳號 py134679 (PTT) 沒有登入記錄，需要登入
2026-03-22 18:28:11,952 - INFO - 找到 1 個需要登入的帳號
2026-03-22 18:28:12,071 - INFO - 開始處理 PTT 帳號: py134679
2026-03-22 18:28:12,094 - INFO - PyPtt v 1.3.3 由 CodingMan 開發
2026-03-22 18:28:12,094 - INFO - PyPtt 初始化
2026-03-22 18:28:12,095 - INFO - 設定連線模式 ... WebSocket
2026-03-22 18:28:12,095 - INFO - 設定語言模組 ... 繁體中文
2026-03-22 18:28:12,095 - INFO - 設定連線主機 ... 批踢踢
2026-03-22 18:28:12,095 - INFO - PyPtt 初始化 ... 完成
2026-03-22 18:28:12,095 - INFO - 目前版本 1.3.3
2026-03-22 18:28:12,253 - INFO - 登入帳號 py134679
2026-03-22 18:28:13,211 - INFO - 登入 ... 成功
2026-03-22 18:28:18,734 - INFO - 取得看板資訊 Test
2026-03-22 18:28:18,786 - INFO - 取得看板資訊 Test ... 成功
2026-03-22 18:28:18,812 - INFO - 發佈文章
2026-03-22 18:28:19,959 - INFO - 發佈文章 ... 成功
2026-03-22 18:28:27,158 - INFO - 登出
2026-03-22 18:28:27,507 - INFO - 登出 ... 成功
2026-03-22 18:28:27,513 - INFO - 本次登入檢查完成，程式結束
2026-03-22 18:31:14,175 - INFO - ==================================================
2026-03-22 18:31:14,175 - INFO - 啟動自動登入檢查...
2026-03-22 18:31:14,177 - INFO - 添加隨機延遲 1 秒
2026-03-22 18:31:15,194 - INFO - 獲取需要登入的帳號，當前時間: 2026-03-22 18:31:15.194810
2026-03-22 18:31:15,201 - INFO - 帳號 py134679 (PTT) 沒有登入記錄，需要登入
2026-03-22 18:31:15,202 - INFO - 找到 1 個需要登入的帳號
2026-03-22 18:31:15,356 - INFO - 開始處理 PTT 帳號: py134679
2026-03-22 18:31:15,376 - INFO - PyPtt v 1.3.3 由 CodingMan 開發
2026-03-22 18:31:15,377 - INFO - PyPtt 初始化
2026-03-22 18:31:15,377 - INFO - 設定連線模式 ... WebSocket
2026-03-22 18:31:15,377 - INFO - 設定語言模組 ... 繁體中文
2026-03-22 18:31:15,377 - INFO - 設定連線主機 ... 批踢踢
2026-03-22 18:31:15,377 - INFO - PyPtt 初始化 ... 完成
2026-03-22 18:31:15,377 - INFO - 目前版本 1.3.3
2026-03-22 18:31:15,545 - INFO - 登入帳號 py134679
2026-03-22 18:31:16,114 - INFO - 登入 ... 成功
2026-03-22 18:31:19,685 - INFO - 取得看板資訊 Test
2026-03-22 18:31:19,727 - INFO - 取得看板資訊 Test ... 成功
2026-03-22 18:31:19,754 - INFO - 發佈文章
2026-03-22 18:31:20,835 - INFO - 發佈文章 ... 成功
2026-03-22 18:31:28,051 - INFO - 登出
2026-03-22 18:31:28,392 - INFO - 登出 ... 成功
2026-03-22 18:31:28,397 - INFO - 本次登入檢查完成，程式結束
2026-03-22 18:33:26,458 - INFO - ==================================================
2026-03-22 18:33:26,458 - INFO - 啟動自動登入檢查...
2026-03-22 18:33:26,459 - WARNING - 另一個登入程序正在運行，本次執行被跳過
